The system is: Windows - 10.0.19045 - AMD64
Compiling the C compiler identification source file "CMakeCCompilerId.c" succeeded.
Compiler: C:/Program Files/Microsoft Visual Studio/2022/Community/VC/Tools/MSVC/14.33.31629/bin/Hostx86/x86/cl.exe 
Build flags: 
Id flags:  

The output was:
0
Microsoft (R) C/C++ Optimizing Compiler Version 19.33.31629 for x86
Copyright (C) Microsoft Corporation.  All rights reserved.

CMakeCCompilerId.c
Microsoft (R) Incremental Linker Version 14.33.31629.0
Copyright (C) Microsoft Corporation.  All rights reserved.

/out:CMakeCCompilerId.exe 
CMakeCCompilerId.obj 


Compilation of the C compiler identification source "CMakeCCompilerId.c" produced "CMakeCCompilerId.exe"

Compilation of the C compiler identification source "CMakeCCompilerId.c" produced "CMakeCCompilerId.obj"

The C compiler identification is MSVC, found in "F:/Projects/BoAaP/Lab_From_Win_3/AnotherAnotherLab_3/5exercise/cmake-build-debug/CMakeFiles/3.23.2/CompilerIdC/CMakeCCompilerId.exe"

Compiling the CXX compiler identification source file "CMakeCXXCompilerId.cpp" succeeded.
Compiler: C:/Program Files/Microsoft Visual Studio/2022/Community/VC/Tools/MSVC/14.33.31629/bin/Hostx86/x86/cl.exe 
Build flags: 
Id flags:  

The output was:
0
Microsoft (R) C/C++ Optimizing Compiler Version 19.33.31629 for x86
Copyright (C) Microsoft Corporation.  All rights reserved.

CMakeCXXCompilerId.cpp
Microsoft (R) Incremental Linker Version 14.33.31629.0
Copyright (C) Microsoft Corporation.  All rights reserved.

/out:CMakeCXXCompilerId.exe 
CMakeCXXCompilerId.obj 


Compilation of the CXX compiler identification source "CMakeCXXCompilerId.cpp" produced "CMakeCXXCompilerId.exe"

Compilation of the CXX compiler identification source "CMakeCXXCompilerId.cpp" produced "CMakeCXXCompilerId.obj"

The CXX compiler identification is MSVC, found in "F:/Projects/BoAaP/Lab_From_Win_3/AnotherAnotherLab_3/5exercise/cmake-build-debug/CMakeFiles/3.23.2/CompilerIdCXX/CMakeCXXCompilerId.exe"

Detecting C compiler ABI info compiled with the following output:
Change Dir: F:/Projects/BoAaP/Lab_From_Win_3/AnotherAnotherLab_3/5exercise/cmake-build-debug/CMakeFiles/CMakeTmp

Run Build Command(s):nmake -f Makefile /nologo cmTC_9eb67\fast && 	"C:\Program Files\Microsoft Visual Studio\2022\Community\VC\Tools\MSVC\14.33.31629\bin\HostX86\x86\nmake.exe"  -f CMakeFiles\cmTC_9eb67.dir\build.make /nologo -L                  CMakeFiles\cmTC_9eb67.dir\build
Building C object CMakeFiles/cmTC_9eb67.dir/CMakeCCompilerABI.c.obj
	"F:\CLion 2022.2.1\bin\cmake\win\bin\cmake.exe" -E cmake_cl_compile_depends --dep-file=CMakeFiles\cmTC_9eb67.dir\CMakeCCompilerABI.c.obj.d --working-dir=F:\Projects\BoAaP\Lab_From_Win_3\AnotherAnotherLab_3\5exercise\cmake-build-debug\CMakeFiles\CMakeTmp --filter-prefix="Note: including file: " -- C:\PROGRA~1\MICROS~1\2022\COMMUN~1\VC\Tools\MSVC\1433~1.316\bin\Hostx86\x86\cl.exe @C:\Users\Gilsson\AppData\Local\Temp\nm4E7C.tmp
CMakeCCompilerABI.c
Linking C executable cmTC_9eb67.exe
	"F:\CLion 2022.2.1\bin\cmake\win\bin\cmake.exe" -E vs_link_exe --intdir=CMakeFiles\cmTC_9eb67.dir --rc=C:\PROGRA~2\WI3CF2~1\10\bin\100203~1.0\x86\rc.exe --mt=C:\PROGRA~2\WI3CF2~1\10\bin\100203~1.0\x86\mt.exe --manifests -- C:\PROGRA~1\MICROS~1\2022\COMMUN~1\VC\Tools\MSVC\1433~1.316\bin\Hostx86\x86\link.exe /nologo @CMakeFiles\cmTC_9eb67.dir\objects1.rsp @C:\Users\Gilsson\AppData\Local\Temp\nm4EBB.tmp



Detecting CXX compiler ABI info compiled with the following output:
Change Dir: F:/Projects/BoAaP/Lab_From_Win_3/AnotherAnotherLab_3/5exercise/cmake-build-debug/CMakeFiles/CMakeTmp

Run Build Command(s):nmake -f Makefile /nologo cmTC_c97ba\fast && 	"C:\Program Files\Microsoft Visual Studio\2022\Community\VC\Tools\MSVC\14.33.31629\bin\HostX86\x86\nmake.exe"  -f CMakeFiles\cmTC_c97ba.dir\build.make /nologo -L                  CMakeFiles\cmTC_c97ba.dir\build
Building CXX object CMakeFiles/cmTC_c97ba.dir/CMakeCXXCompilerABI.cpp.obj
	"F:\CLion 2022.2.1\bin\cmake\win\bin\cmake.exe" -E cmake_cl_compile_depends --dep-file=CMakeFiles\cmTC_c97ba.dir\CMakeCXXCompilerABI.cpp.obj.d --working-dir=F:\Projects\BoAaP\Lab_From_Win_3\AnotherAnotherLab_3\5exercise\cmake-build-debug\CMakeFiles\CMakeTmp --filter-prefix="Note: including file: " -- C:\PROGRA~1\MICROS~1\2022\COMMUN~1\VC\Tools\MSVC\1433~1.316\bin\Hostx86\x86\cl.exe @C:\Users\Gilsson\AppData\Local\Temp\nm5012.tmp
CMakeCXXCompilerABI.cpp
Linking CXX executable cmTC_c97ba.exe
	"F:\CLion 2022.2.1\bin\cmake\win\bin\cmake.exe" -E vs_link_exe --intdir=CMakeFiles\cmTC_c97ba.dir --rc=C:\PROGRA~2\WI3CF2~1\10\bin\100203~1.0\x86\rc.exe --mt=C:\PROGRA~2\WI3CF2~1\10\bin\100203~1.0\x86\mt.exe --manifests -- C:\PROGRA~1\MICROS~1\2022\COMMUN~1\VC\Tools\MSVC\1433~1.316\bin\Hostx86\x86\link.exe /nologo @CMakeFiles\cmTC_c97ba.dir\objects1.rsp @C:\Users\Gilsson\AppData\Local\Temp\nm5061.tmp



